# JRE version: OpenJDK Runtime Environment Corretto-11.0.14.9.1 (11.0.14+9) (build 11.0.14+9-LTS)
# Java VM: OpenJDK 64-Bit Server VM Corretto-11.0.14.9.1 (11.0.14+9-LTS, mixed mode, tiered, compressed oops, g1 gc, windows-amd64)
Heap:
 garbage-first heap   total 157696K, used 92532K [0x0000000081000000, 0x0000000100000000)
  region size 1024K, 80 young (81920K), 8 survivors (8192K)
 Metaspace       used 56431K, capacity 57798K, committed 58108K, reserved 1099776K
  class space    used 6856K, capacity 7407K, committed 7500K, reserved 1048576K
GC Heap History (17 events):
Event: 0.584 GC heap before
{Heap before GC invocations=0 (full 0):
 garbage-first heap   total 131072K, used 14336K [0x0000000081000000, 0x0000000100000000)
  region size 1024K, 14 young (14336K), 0 survivors (0K)
 Metaspace       used 9354K, capacity 9520K, committed 9600K, reserved 1058816K
  class space    used 836K, capacity 872K, committed 896K, reserved 1048576K
}
Event: 0.591 GC heap after
{Heap after GC invocations=1 (full 0):
 garbage-first heap   total 131072K, used 6904K [0x0000000081000000, 0x0000000100000000)
  region size 1024K, 2 young (2048K), 2 survivors (2048K)
 Metaspace       used 9354K, capacity 9520K, committed 9600K, reserved 1058816K
  class space    used 836K, capacity 872K, committed 896K, reserved 1048576K
}
Event: 0.760 GC heap before
{Heap before GC invocations=1 (full 0):
 garbage-first heap   total 131072K, used 17144K [0x0000000081000000, 0x0000000100000000)
  region size 1024K, 12 young (12288K), 2 survivors (2048K)
 Metaspace       used 10864K, capacity 11023K, committed 11136K, reserved 1058816K
  class space    used 1027K, capacity 1099K, committed 1152K, reserved 1048576K
}
Event: 0.762 GC heap after
{Heap after GC invocations=2 (full 0):
 garbage-first heap   total 131072K, used 7374K [0x0000000081000000, 0x0000000100000000)
  region size 1024K, 1 young (1024K), 1 survivors (1024K)
 Metaspace       used 10864K, capacity 11023K, committed 11136K, reserved 1058816K
  class space    used 1027K, capacity 1099K, committed 1152K, reserved 1048576K
}
Event: 1.770 GC heap before
{Heap before GC invocations=2 (full 0):
 garbage-first heap   total 131072K, used 36046K [0x0000000081000000, 0x0000000100000000)
  region size 1024K, 29 young (29696K), 1 survivors (1024K)
 Metaspace       used 15912K, capacity 16227K, committed 16384K, reserved 1064960K
  class space    used 1629K, capacity 1759K, committed 1792K, reserved 1048576K
}
Event: 1.782 GC heap after
{Heap after GC invocations=3 (full 0):
 garbage-first heap   total 131072K, used 8592K [0x0000000081000000, 0x0000000100000000)
  region size 1024K, 2 young (2048K), 2 survivors (2048K)
 Metaspace       used 15912K, capacity 16227K, committed 16384K, reserved 1064960K
  class space    used 1629K, capacity 1759K, committed 1792K, reserved 1048576K
}
Event: 2.284 GC heap before
{Heap before GC invocations=3 (full 0):
 garbage-first heap   total 131072K, used 36240K [0x0000000081000000, 0x0000000100000000)
  region size 1024K, 30 young (30720K), 2 survivors (2048K)
 Metaspace       used 20731K, capacity 21200K, committed 21296K, reserved 1069056K
  class space    used 2209K, capacity 2421K, committed 2432K, reserved 1048576K
}
Event: 2.287 GC heap after
{Heap after GC invocations=4 (full 0):
 garbage-first heap   total 131072K, used 9687K [0x0000000081000000, 0x0000000100000000)
  region size 1024K, 3 young (3072K), 3 survivors (3072K)
 Metaspace       used 20731K, capacity 21200K, committed 21296K, reserved 1069056K
  class space    used 2209K, capacity 2421K, committed 2432K, reserved 1048576K
}
Event: 2.822 GC heap before
{Heap before GC invocations=5 (full 0):
 garbage-first heap   total 131072K, used 63959K [0x0000000081000000, 0x0000000100000000)
  region size 1024K, 56 young (57344K), 3 survivors (3072K)
 Metaspace       used 26080K, capacity 26723K, committed 27004K, reserved 1073152K
  class space    used 2877K, capacity 3150K, committed 3276K, reserved 1048576K
}
Event: 2.826 GC heap after
{Heap after GC invocations=6 (full 0):
 garbage-first heap   total 131072K, used 11818K [0x0000000081000000, 0x0000000100000000)
  region size 1024K, 5 young (5120K), 5 survivors (5120K)
 Metaspace       used 26080K, capacity 26723K, committed 27004K, reserved 1073152K
  class space    used 2877K, capacity 3150K, committed 3276K, reserved 1048576K
}
Event: 3.569 GC heap before
{Heap before GC invocations=6 (full 0):
 garbage-first heap   total 131072K, used 76330K [0x0000000081000000, 0x0000000100000000)
  region size 1024K, 68 young (69632K), 5 survivors (5120K)
 Metaspace       used 30601K, capacity 31543K, committed 31740K, reserved 1077248K
  class space    used 3453K, capacity 3806K, committed 3916K, reserved 1048576K
}
Event: 3.576 GC heap after
{Heap after GC invocations=7 (full 0):
 garbage-first heap   total 131072K, used 13354K [0x0000000081000000, 0x0000000100000000)
  region size 1024K, 6 young (6144K), 6 survivors (6144K)
 Metaspace       used 30601K, capacity 31543K, committed 31740K, reserved 1077248K
  class space    used 3453K, capacity 3806K, committed 3916K, reserved 1048576K
}
Event: 4.107 GC heap before
{Heap before GC invocations=7 (full 0):
 garbage-first heap   total 131072K, used 44074K [0x0000000081000000, 0x0000000100000000)
  region size 1024K, 37 young (37888K), 6 survivors (6144K)
 Metaspace       used 34749K, capacity 35872K, committed 35964K, reserved 1081344K
  class space    used 4042K, capacity 4473K, committed 4556K, reserved 1048576K
}
Event: 4.117 GC heap after
{Heap after GC invocations=8 (full 0):
 garbage-first heap   total 131072K, used 15576K [0x0000000081000000, 0x0000000100000000)
  region size 1024K, 7 young (7168K), 7 survivors (7168K)
 Metaspace       used 34749K, capacity 35872K, committed 35964K, reserved 1081344K
  class space    used 4042K, capacity 4473K, committed 4556K, reserved 1048576K
}
Event: 4.987 GC heap before
{Heap before GC invocations=9 (full 0):
 garbage-first heap   total 131072K, used 79064K [0x0000000081000000, 0x0000000100000000)
  region size 1024K, 69 young (70656K), 7 survivors (7168K)
 Metaspace       used 43131K, capacity 44382K, committed 44668K, reserved 1089536K
  class space    used 4964K, capacity 5477K, committed 5580K, reserved 1048576K
}
Event: 4.996 GC heap after
{Heap after GC invocations=10 (full 0):
 garbage-first heap   total 157696K, used 18804K [0x0000000081000000, 0x0000000100000000)
  region size 1024K, 8 young (8192K), 8 survivors (8192K)
 Metaspace       used 43131K, capacity 44382K, committed 44668K, reserved 1089536K
  class space    used 4964K, capacity 5477K, committed 5580K, reserved 1048576K
}
Event: 6.092 GC heap before
{Heap before GC invocations=10 (full 0):
 garbage-first heap   total 157696K, used 91508K [0x0000000081000000, 0x0000000100000000)
  region size 1024K, 80 young (81920K), 8 survivors (8192K)
 Metaspace       used 56431K, capacity 57798K, committed 58108K, reserved 1099776K
  class space    used 6856K, capacity 7407K, committed 7500K, reserved 1048576K
}

